<?xml version="1.0" encoding="UTF-8"?>
<testng-results ignored="0" total="2" passed="1" failed="1" skipped="0">
  <reporter-output>
  </reporter-output>
  <suite started-at="2023-02-08T08:04:38 IST" name="Default suite" finished-at="2023-02-08T08:04:40 IST" duration-ms="1970">
    <groups>
    </groups>
    <test started-at="2023-02-08T08:04:38 IST" name="Default test" finished-at="2023-02-08T08:04:40 IST" duration-ms="1970">
      <class name="testNG_Luma_proj_Testcls_R.TestNG_Running2_Testcls_R">
        <test-method signature="url()[pri:-1, instance:testNG_Luma_proj_Testcls_R.TestNG_Running2_Testcls_R@7f829c76]" started-at="2023-02-08T08:04:38 IST" name="url" finished-at="2023-02-08T08:04:40 IST" duration-ms="1905" status="PASS">
          <reporter-output>
          </reporter-output>
        </test-method> <!-- url -->
        <test-method signature="browser()[pri:0, instance:testNG_Luma_proj_Testcls_R.TestNG_Running2_Testcls_R@7f829c76]" started-at="2023-02-08T08:04:40 IST" name="browser" finished-at="2023-02-08T08:04:40 IST" duration-ms="2" status="FAIL">
          <exception class="java.lang.Error">
            <message>
              <![CDATA[Unresolved compilation problems: 
Cannot make a static reference to the non-static field page1
Cannot make a static reference to the non-static field page1
Cannot make a static reference to the non-static field page1
]]>
            </message>
            <full-stacktrace>
              <![CDATA[java.lang.Error: Unresolved compilation problems: 
Cannot make a static reference to the non-static field page1
Cannot make a static reference to the non-static field page1
Cannot make a static reference to the non-static field page1

at testNG_Luma_proj_Testcls_R.TestNG_Running2_Testcls_R.browser(TestNG_Running2_Testcls_R.java:36)
at java.base/jdk.internal.reflect.NativeMethodAccessorImpl.invoke0(Native Method)
at java.base/jdk.internal.reflect.NativeMethodAccessorImpl.invoke(NativeMethodAccessorImpl.java:77)
at java.base/jdk.internal.reflect.DelegatingMethodAccessorImpl.invoke(DelegatingMethodAccessorImpl.java:43)
at java.base/java.lang.reflect.Method.invoke(Method.java:568)
at org.testng.internal.MethodInvocationHelper.invokeMethod(MethodInvocationHelper.java:133)
at org.testng.internal.TestInvoker.invokeMethod(TestInvoker.java:598)
at org.testng.internal.TestInvoker.invokeTestMethod(TestInvoker.java:173)
at org.testng.internal.MethodRunner.runInSequence(MethodRunner.java:46)
at org.testng.internal.TestInvoker$MethodInvocationAgent.invoke(TestInvoker.java:824)
at org.testng.internal.TestInvoker.invokeTestMethods(TestInvoker.java:146)
at org.testng.internal.TestMethodWorker.invokeTestMethods(TestMethodWorker.java:146)
at org.testng.internal.TestMethodWorker.run(TestMethodWorker.java:128)
at java.base/java.util.ArrayList.forEach(ArrayList.java:1511)
at org.testng.TestRunner.privateRun(TestRunner.java:794)
at org.testng.TestRunner.run(TestRunner.java:596)
at org.testng.SuiteRunner.runTest(SuiteRunner.java:377)
at org.testng.SuiteRunner.runSequentially(SuiteRunner.java:371)
at org.testng.SuiteRunner.privateRun(SuiteRunner.java:332)
at org.testng.SuiteRunner.run(SuiteRunner.java:276)
at org.testng.SuiteRunnerWorker.runSuite(SuiteRunnerWorker.java:53)
at org.testng.SuiteRunnerWorker.run(SuiteRunnerWorker.java:96)
at org.testng.TestNG.runSuitesSequentially(TestNG.java:1212)
at org.testng.TestNG.runSuitesLocally(TestNG.java:1134)
at org.testng.TestNG.runSuites(TestNG.java:1063)
at org.testng.TestNG.run(TestNG.java:1031)
at org.testng.remote.AbstractRemoteTestNG.run(AbstractRemoteTestNG.java:115)
at org.testng.remote.RemoteTestNG.initAndRun(RemoteTestNG.java:251)
at org.testng.remote.RemoteTestNG.main(RemoteTestNG.java:77)
]]>
            </full-stacktrace>
          </exception> <!-- java.lang.Error -->
          <reporter-output>
          </reporter-output>
        </test-method> <!-- browser -->
      </class> <!-- testNG_Luma_proj_Testcls_R.TestNG_Running2_Testcls_R -->
    </test> <!-- Default test -->
  </suite> <!-- Default suite -->
</testng-results>
